BLEManager/android/app/build/intermediates/manifest_merge_blame_file/release/manifest-merger-blame-release-report.txt
1<?xml version="1.0" encoding="utf-8"?>
2<manifest xmlns:android="http://schemas.android.com/apk/res/android"
3    package="com.blemanager"
4    android:versionCode="1"
5    android:versionName="1.0" >
6
7    <uses-sdk
8        android:minSdkVersion="21"
8-->src/main/AndroidManifest.xml
9        android:targetSdkVersion="33" />
9-->src/main/AndroidManifest.xml
10
11    <uses-permission android:name="android.permission.INTERNET" />
11-->src/main/AndroidManifest.xml:3:5-67
11-->src/main/AndroidManifest.xml:3:22-64
12    <uses-permission android:name="android.permission.BLUETOOTH" />
12-->src/main/AndroidManifest.xml:4:5-105
12-->src/main/AndroidManifest.xml:4:22-65
13    <!--
14      should normally only be needed on android < 12 if you want to:
15      - activate bluetooth programmatically
16      - discover local BLE devices
17      see: https://developer.android.com/guide/topics/connectivity/bluetooth/permissions#discover-local-devices.
18      Same as above, may still be wrongly needed by some manufacturers on android 12+.
19    -->
20    <uses-permission android:name="android.permission.BLUETOOTH_ADMIN" />
20-->src/main/AndroidManifest.xml:12:5-111
20-->src/main/AndroidManifest.xml:12:22-71
21    <uses-permission
21-->src/main/AndroidManifest.xml:14:5-107
22        android:name="android.permission.ACCESS_COARSE_LOCATION"
22-->src/main/AndroidManifest.xml:14:22-78
23        android:maxSdkVersion="28" />
23-->src/main/AndroidManifest.xml:14:79-105
24
25    <uses-permission-sdk-23
25-->src/main/AndroidManifest.xml:15:5-112
26        android:name="android.permission.ACCESS_FINE_LOCATION"
26-->src/main/AndroidManifest.xml:15:29-83
27        android:maxSdkVersion="30" />
27-->src/main/AndroidManifest.xml:15:84-110
28
29    <!-- Only when targeting Android 12 or higher -->
30    <!--
31      Please make sure you read the following documentation
32      to have a better understanding of the new permissions.
33      https://developer.android.com/guide/topics/connectivity/bluetooth/permissions#assert-never-for-location
34    -->
35
36
37    <!-- Needed if your app search for Bluetooth devices. -->
38    <!--
39      If your app doesn't use Bluetooth scan results to derive physical location information,
40      you can strongly assert that your app doesn't derive physical location.
41    -->
42    <uses-permission
42-->src/main/AndroidManifest.xml:29:5-30:71
43        android:name="android.permission.BLUETOOTH_SCAN"
43-->src/main/AndroidManifest.xml:29:22-70
44        android:usesPermissionFlags="neverForLocation" />
44-->src/main/AndroidManifest.xml:30:22-68
45    <!-- Needed if you want to interact with a BLE device. -->
46    <uses-permission android:name="android.permission.BLUETOOTH_CONNECT" />
46-->src/main/AndroidManifest.xml:32:5-76
46-->src/main/AndroidManifest.xml:32:22-73
47    <!-- Needed if your app makes the current device discoverable to other Bluetooth devices. -->
48    <uses-permission android:name="android.permission.BLUETOOTH_ADVERTISE" />
48-->src/main/AndroidManifest.xml:34:5-78
48-->src/main/AndroidManifest.xml:34:22-75
49
50    <uses-feature
50-->[:react-native-ble-manager] AndroidManifest.xml:11:5-13:36
51        android:name="android.hardware.bluetooth_le"
51-->[:react-native-ble-manager] AndroidManifest.xml:12:9-53
52        android:required="false" />
52-->[:react-native-ble-manager] AndroidManifest.xml:13:9-33
53
54    <application
54-->src/main/AndroidManifest.xml:36:5-55:19
55        android:name="com.blemanager.MainApplication"
55-->src/main/AndroidManifest.xml:37:7-38
56        android:allowBackup="false"
56-->src/main/AndroidManifest.xml:41:7-34
57        android:appComponentFactory="androidx.core.app.CoreComponentFactory"
57-->[androidx.core:core:1.7.0] AndroidManifest.xml:24:18-86
58        android:icon="@mipmap/ic_launcher"
58-->src/main/AndroidManifest.xml:39:7-41
59        android:label="@string/app_name"
59-->src/main/AndroidManifest.xml:38:7-39
60        android:roundIcon="@mipmap/ic_launcher_round"
60-->src/main/AndroidManifest.xml:40:7-52
61        android:theme="@style/AppTheme" >
61-->src/main/AndroidManifest.xml:42:7-38
62        <activity
62-->src/main/AndroidManifest.xml:43:7-54:18
63            android:name="com.blemanager.MainActivity"
63-->src/main/AndroidManifest.xml:44:9-37
64            android:configChanges="keyboard|keyboardHidden|orientation|screenLayout|screenSize|smallestScreenSize|uiMode"
64-->src/main/AndroidManifest.xml:46:9-118
65            android:exported="true"
65-->src/main/AndroidManifest.xml:49:9-32
66            android:label="@string/app_name"
66-->src/main/AndroidManifest.xml:45:9-41
67            android:launchMode="singleTask"
67-->src/main/AndroidManifest.xml:47:9-40
68            android:windowSoftInputMode="adjustResize" >
68-->src/main/AndroidManifest.xml:48:9-51
69            <intent-filter>
69-->src/main/AndroidManifest.xml:50:9-53:25
70                <action android:name="android.intent.action.MAIN" />
70-->src/main/AndroidManifest.xml:51:13-65
70-->src/main/AndroidManifest.xml:51:21-62
71
72                <category android:name="android.intent.category.LAUNCHER" />
72-->src/main/AndroidManifest.xml:52:13-73
72-->src/main/AndroidManifest.xml:52:23-70
73            </intent-filter>
74        </activity>
75
76        <provider
76-->[androidx.emoji2:emoji2:1.0.0] AndroidManifest.xml:26:9-34:20
77            android:name="androidx.startup.InitializationProvider"
77-->[androidx.emoji2:emoji2:1.0.0] AndroidManifest.xml:27:13-67
78            android:authorities="com.blemanager.androidx-startup"
78-->[androidx.emoji2:emoji2:1.0.0] AndroidManifest.xml:28:13-68
79            android:exported="false" >
79-->[androidx.emoji2:emoji2:1.0.0] AndroidManifest.xml:29:13-37
80            <meta-data
80-->[androidx.emoji2:emoji2:1.0.0] AndroidManifest.xml:31:13-33:52
81                android:name="androidx.emoji2.text.EmojiCompatInitializer"
81-->[androidx.emoji2:emoji2:1.0.0] AndroidManifest.xml:32:17-75
82                android:value="androidx.startup" />
82-->[androidx.emoji2:emoji2:1.0.0] AndroidManifest.xml:33:17-49
83            <meta-data
83-->[androidx.lifecycle:lifecycle-process:2.4.0] AndroidManifest.xml:31:13-33:52
84                android:name="androidx.lifecycle.ProcessLifecycleInitializer"
84-->[androidx.lifecycle:lifecycle-process:2.4.0] AndroidManifest.xml:32:17-78
85                android:value="androidx.startup" />
85-->[androidx.lifecycle:lifecycle-process:2.4.0] AndroidManifest.xml:33:17-49
86        </provider>
87
88        <meta-data
88-->[com.facebook.soloader:soloader:0.10.5] AndroidManifest.xml:12:9-14:37
89            android:name="com.facebook.soloader.enabled"
89-->[com.facebook.soloader:soloader:0.10.5] AndroidManifest.xml:13:13-57
90            android:value="false" />
90-->[com.facebook.soloader:soloader:0.10.5] AndroidManifest.xml:14:13-34
91    </application>
92
93</manifest>